
=== Wed Jan  8 14:06:20 2020

Packages were changed.
Update Mode: mergeDefaultDependencies

The following packages were added:
  com.unity.package-manager-ui@2.2.0
  com.unity.ext.nunit@1.0.0
  com.unity.test-framework@1.0.13
  com.unity.ide.vscode@1.1.2
  com.unity.ide.rider@1.1.0
  com.unity.ugui@1.0.0
  com.unity.modules.androidjni@1.0.0

=== Sun Jun 25 09:22:17 2023

Packages were changed.
Update Mode: updateDependencies

The following packages were added:
  com.unity.ide.visualstudio@2.0.16
The following packages were updated:
  com.unity.animation.rigging from version 0.2.5-preview to 1.1.1
  com.unity.collab-proxy from version 1.2.16 to 1.17.7
  com.unity.ext.nunit from version 1.0.0 to 1.0.6
  com.unity.ide.rider from version 1.1.0 to 3.0.16
  com.unity.ide.vscode from version 1.1.2 to 1.2.5
  com.unity.render-pipelines.high-definition from version 6.9.2-preview to 12.1.8
  com.unity.shadergraph from version 6.9.2 to 12.1.8
  com.unity.test-framework from version 1.0.13 to 1.1.31
  com.unity.textmeshpro from version 2.0.1 to 3.0.6
  com.unity.timeline from version 1.1.0 to 1.6.4
The following packages were removed:
  com.unity.package-manager-ui@2.2.0
